Arguments: 
  /Users/maxli/.nvm/versions/node/v8.12.0/bin/node /Users/maxli/.nvm/versions/node/v8.12.0/bin/yarn start

PATH: 
  /Users/maxli/.nvm/versions/node/v8.12.0/bin:/Users/maxli/.fzf/bin:/Users/maxli/google-cloud-sdk/bin:/Users/maxli/.composer/vendor/bin:/usr/local/bin:/usr/bin:/bin:/usr/sbin:/sbin:/Users/maxli/.composer/vendor/bin

Yarn version: 
  1.10.1

Node version: 
  8.12.0

Platform: 
  darwin x64

Trace: 
  SyntaxError: /Users/maxli/workspace/bs-fetch-jsonp/package.json: Unexpected string in JSON at position 603
      at JSON.parse (<anonymous>)
      at /Users/maxli/.nvm/versions/node/v8.12.0/lib/node_modules/yarn/lib/cli.js:1136:59
      at Generator.next (<anonymous>)
      at step (/Users/maxli/.nvm/versions/node/v8.12.0/lib/node_modules/yarn/lib/cli.js:98:30)
      at /Users/maxli/.nvm/versions/node/v8.12.0/lib/node_modules/yarn/lib/cli.js:109:13
      at <anonymous>

npm manifest: 
  {
    "name": "bs-fetch-jsonp",
    "version": "0.1.0",
    "scripts": {
      "build": "bsb -make-world",
      "start": "bsb -make-world -w",
      "clean": "bsb -clean-world",
      "webpack:build": "webpack-dev-server"
    },
    "keywords": [
      "BuckleScript"
    ],
    "author": "",
    "license": "MIT",
    "devDependencies": {
      "bs-platform": "^4.0.6",
      "html-webpack-plugin": "^3.2.0",
      "webpack-cli": "^3.1.2"
    },
    "dependencies": {
      "fetch-jsonp": "^1.1.3",
      "webpack": "^4.23.1",
      "webpack-dev-server": "^3.1.10",
      "webpack-server": "^0.1.2"
    },
    "files": {
      "src/BsFetchJsonp.re"
      "bsconfig.json"
    }
  }

yarn manifest: 
  No manifest

Lockfile: 
  No lockfile
